0 verbose cli /usr/bin/node /usr/bin/npm
1 info using npm@10.8.2
2 info using node@v20.18.0
3 silly config load:file:/usr/lib/node_modules/npm/npmrc
4 silly config load:file:/home/user/new_sweet_flowers/.npmrc
5 silly config load:file:/home/user/.npmrc
6 silly config load:file:/usr/etc/npmrc
7 verbose title npm install concurrently
8 verbose argv "install" "concurrently"
9 verbose logfile logs-max:10 dir:/home/user/.npm/_logs/2024-11-20T23_27_22_526Z-
10 verbose logfile /home/user/.npm/_logs/2024-11-20T23_27_22_526Z-debug-0.log
11 silly packumentCache heap:2114453504 maxSize:528613376 maxEntrySize:264306688
12 silly logfile done cleaning log files
13 silly idealTree buildDeps
14 silly fetch manifest concurrently@*
15 silly packumentCache full:https://registry.npmjs.org/concurrently cache-miss
16 http fetch GET 200 https://registry.npmjs.org/concurrently 414ms (cache miss)
17 silly packumentCache full:https://registry.npmjs.org/concurrently set size:undefined disposed:false
18 silly placeDep ROOT concurrently@9.1.0 OK for: sweet-flowers@1.0.0 want: *
19 silly fetch manifest chalk@^4.1.2
20 silly packumentCache full:https://registry.npmjs.org/chalk cache-miss
21 silly fetch manifest rxjs@^7.8.1
22 silly packumentCache full:https://registry.npmjs.org/rxjs cache-miss
23 silly fetch manifest shell-quote@^1.8.1
24 silly packumentCache full:https://registry.npmjs.org/shell-quote cache-miss
25 silly fetch manifest tree-kill@^1.2.2
26 silly packumentCache full:https://registry.npmjs.org/tree-kill cache-miss
27 silly fetch manifest yargs@^17.7.2
28 silly packumentCache full:https://registry.npmjs.org/yargs cache-miss
29 http fetch GET 200 https://registry.npmjs.org/chalk 53ms (cache miss)
30 silly packumentCache full:https://registry.npmjs.org/chalk set size:undefined disposed:false
31 http fetch GET 200 https://registry.npmjs.org/tree-kill 70ms (cache miss)
32 silly packumentCache full:https://registry.npmjs.org/tree-kill set size:undefined disposed:false
33 http fetch GET 200 https://registry.npmjs.org/yargs 100ms (cache revalidated)
34 silly packumentCache full:https://registry.npmjs.org/yargs set size:1061296 disposed:false
35 http fetch GET 200 https://registry.npmjs.org/shell-quote 116ms (cache revalidated)
36 silly packumentCache full:https://registry.npmjs.org/shell-quote set size:56486 disposed:false
37 http fetch GET 200 https://registry.npmjs.org/rxjs 140ms (cache miss)
38 silly packumentCache full:https://registry.npmjs.org/rxjs set size:undefined disposed:false
39 silly placeDep ROOT chalk@4.1.2 OK for: concurrently@9.1.0 want: ^4.1.2
40 silly placeDep ROOT rxjs@7.8.1 OK for: concurrently@9.1.0 want: ^7.8.1
41 silly placeDep ROOT shell-quote@1.8.1 OK for: concurrently@9.1.0 want: ^1.8.1
42 silly placeDep ROOT tree-kill@1.2.2 OK for: concurrently@9.1.0 want: ^1.2.2
43 silly placeDep node_modules/concurrently yargs@17.7.2 OK for: concurrently@9.1.0 want: ^17.7.2
44 silly fetch manifest ansi-styles@^4.1.0
45 silly packumentCache full:https://registry.npmjs.org/ansi-styles cache-miss
46 silly fetch manifest supports-color@^7.1.0
47 silly packumentCache full:https://registry.npmjs.org/supports-color cache-miss
48 silly fetch manifest y18n@^5.0.5
49 silly packumentCache full:https://registry.npmjs.org/y18n cache-miss
50 silly fetch manifest cliui@^8.0.1
51 silly packumentCache full:https://registry.npmjs.org/cliui cache-miss
52 silly fetch manifest string-width@^4.2.3
53 silly packumentCache full:https://registry.npmjs.org/string-width cache-miss
54 silly fetch manifest yargs-parser@^21.1.1
55 silly packumentCache full:https://registry.npmjs.org/yargs-parser cache-miss
56 http fetch GET 200 https://registry.npmjs.org/ansi-styles 37ms (cache revalidated)
57 silly packumentCache full:https://registry.npmjs.org/ansi-styles set size:66356 disposed:false
58 http fetch GET 200 https://registry.npmjs.org/cliui 41ms (cache revalidated)
59 silly packumentCache full:https://registry.npmjs.org/cliui set size:63931 disposed:false
60 http fetch GET 200 https://registry.npmjs.org/supports-color 50ms (cache revalidated)
61 silly packumentCache full:https://registry.npmjs.org/supports-color set size:113904 disposed:false
62 http fetch GET 200 https://registry.npmjs.org/string-width 55ms (cache revalidated)
63 silly packumentCache full:https://registry.npmjs.org/string-width set size:61460 disposed:false
64 http fetch GET 200 https://registry.npmjs.org/yargs-parser 58ms (cache revalidated)
65 silly packumentCache full:https://registry.npmjs.org/yargs-parser set size:355061 disposed:false
66 http fetch GET 200 https://registry.npmjs.org/y18n 82ms (cache revalidated)
67 silly packumentCache full:https://registry.npmjs.org/y18n set size:76155 disposed:false
68 silly placeDep node_modules/chalk ansi-styles@4.3.0 OK for: chalk@4.1.2 want: ^4.1.0
69 silly placeDep node_modules/chalk supports-color@7.2.0 OK for: chalk@4.1.2 want: ^7.1.0
70 silly fetch manifest color-convert@^2.0.1
71 silly packumentCache full:https://registry.npmjs.org/color-convert cache-miss
72 http fetch GET 200 https://registry.npmjs.org/color-convert 32ms (cache revalidated)
73 silly packumentCache full:https://registry.npmjs.org/color-convert set size:61781 disposed:false
74 silly placeDep node_modules/chalk color-convert@2.0.1 OK for: ansi-styles@4.3.0 want: ^2.0.1
75 silly fetch manifest color-name@~1.1.4
76 silly packumentCache full:https://registry.npmjs.org/color-name cache-miss
