0 verbose cli /usr/bin/node /usr/bin/npm
1 info using npm@10.8.2
2 info using node@v20.18.0
3 silly config load:file:/usr/lib/node_modules/npm/npmrc
4 silly config load:file:/home/user/new_sweet_flowers/.npmrc
5 silly config load:file:/home/user/.npmrc
6 silly config load:file:/usr/etc/npmrc
7 verbose title npm install
8 verbose argv "install"
9 verbose logfile logs-max:10 dir:/home/user/.npm/_logs/2024-11-20T22_25_00_523Z-
10 verbose logfile /home/user/.npm/_logs/2024-11-20T22_25_00_523Z-debug-0.log
11 silly packumentCache heap:2114453504 maxSize:528613376 maxEntrySize:264306688
12 silly logfile done cleaning log files
13 silly idealTree buildDeps
14 silly fetch manifest react@^17.0.2
15 silly packumentCache full:https://registry.npmjs.org/react cache-miss
16 http fetch GET 200 https://registry.npmjs.org/react 229ms (cache hit)
17 silly packumentCache full:https://registry.npmjs.org/react set size:5175500 disposed:false
18 silly fetch manifest react-dom@^17.0.2
19 silly packumentCache full:https://registry.npmjs.org/react-dom cache-miss
20 http fetch GET 200 https://registry.npmjs.org/react-dom 32ms (cache hit)
21 silly packumentCache full:https://registry.npmjs.org/react-dom set size:6348163 disposed:false
22 silly fetch manifest babel-loader@^8.2.2
23 silly packumentCache full:https://registry.npmjs.org/babel-loader cache-miss
24 http fetch GET 200 https://registry.npmjs.org/babel-loader 14ms (cache hit)
25 silly packumentCache full:https://registry.npmjs.org/babel-loader set size:248162 disposed:false
26 silly fetch manifest @babel/core@^7.14.3
27 silly packumentCache full:https://registry.npmjs.org/@babel%2fcore cache-miss
28 http fetch GET 200 https://registry.npmjs.org/@babel%2fcore 8ms (cache hit)
29 silly packumentCache full:https://registry.npmjs.org/@babel%2fcore set size:672875 disposed:false
30 silly fetch manifest webpack@^5.38.1
31 silly packumentCache full:https://registry.npmjs.org/webpack cache-miss
32 http fetch GET 200 https://registry.npmjs.org/webpack 25ms (cache hit)
33 silly packumentCache full:https://registry.npmjs.org/webpack set size:4698734 disposed:false
34 silly fetch manifest css-loader@^5.2.6
35 silly packumentCache full:https://registry.npmjs.org/css-loader cache-miss
36 http fetch GET 200 https://registry.npmjs.org/css-loader 9ms (cache hit)
37 silly packumentCache full:https://registry.npmjs.org/css-loader set size:512155 disposed:false
38 silly fetch manifest sass-loader@^11.1.1
39 silly packumentCache full:https://registry.npmjs.org/sass-loader cache-miss
40 http fetch GET 200 https://registry.npmjs.org/sass-loader 7ms (cache hit)
41 silly packumentCache full:https://registry.npmjs.org/sass-loader set size:406313 disposed:false
42 silly fetch manifest fibers@>= 3.1.0
43 silly packumentCache full:https://registry.npmjs.org/fibers cache-miss
44 http fetch GET 200 https://registry.npmjs.org/fibers 188ms (cache miss)
45 silly packumentCache full:https://registry.npmjs.org/fibers set size:undefined disposed:false
46 silly fetch manifest node-sass@^4.0.0 || ^5.0.0 || ^6.0.0
47 silly packumentCache full:https://registry.npmjs.org/node-sass cache-miss
48 http fetch GET 200 https://registry.npmjs.org/node-sass 12ms (cache hit)
49 silly packumentCache full:https://registry.npmjs.org/node-sass set size:494960 disposed:false
50 silly fetch manifest sass@^1.34.0
51 silly packumentCache full:https://registry.npmjs.org/sass cache-miss
52 http fetch GET 200 https://registry.npmjs.org/sass 10ms (cache hit)
53 silly packumentCache full:https://registry.npmjs.org/sass set size:647817 disposed:false
54 silly fetch manifest style-loader@^2.0.0
55 silly packumentCache full:https://registry.npmjs.org/style-loader cache-miss
56 http fetch GET 200 https://registry.npmjs.org/style-loader 9ms (cache hit)
57 silly packumentCache full:https://registry.npmjs.org/style-loader set size:213969 disposed:false
58 silly fetch manifest webpack-cli@^4.7.0
59 silly packumentCache full:https://registry.npmjs.org/webpack-cli cache-miss
60 http fetch GET 200 https://registry.npmjs.org/webpack-cli 7ms (cache hit)
61 silly packumentCache full:https://registry.npmjs.org/webpack-cli set size:827602 disposed:false
62 silly fetch manifest webpack-dev-server@^3.11.2
63 silly packumentCache full:https://registry.npmjs.org/webpack-dev-server cache-miss
64 http fetch GET 200 https://registry.npmjs.org/webpack-dev-server 8ms (cache hit)
65 silly packumentCache full:https://registry.npmjs.org/webpack-dev-server set size:824929 disposed:false
66 silly placeDep ROOT babel-loader@8.4.1 REPLACE for: sweet-flowers@1.0.0 want: ^8.2.2
67 silly placeDep ROOT css-loader@5.2.7 REPLACE for: sweet-flowers@1.0.0 want: ^5.2.6
68 silly placeDep ROOT react@17.0.2 REPLACE for: sweet-flowers@1.0.0 want: ^17.0.2
69 silly placeDep ROOT react-dom@17.0.2 REPLACE for: sweet-flowers@1.0.0 want: ^17.0.2
70 silly placeDep ROOT sass-loader@11.1.1 REPLACE for: sweet-flowers@1.0.0 want: ^11.1.1
71 silly placeDep ROOT style-loader@2.0.0 REPLACE for: sweet-flowers@1.0.0 want: ^2.0.0
72 silly placeDep ROOT webpack-cli@4.10.0 REPLACE for: sweet-flowers@1.0.0 want: ^4.7.0
73 silly placeDep ROOT webpack-dev-server@3.11.3 REPLACE for: sweet-flowers@1.0.0 want: ^3.11.2
74 silly fetch manifest make-dir@^3.1.0
75 silly packumentCache full:https://registry.npmjs.org/make-dir cache-miss
76 silly fetch manifest loader-utils@^2.0.4
77 silly packumentCache full:https://registry.npmjs.org/loader-utils cache-miss
78 silly fetch manifest schema-utils@^2.6.5
79 silly packumentCache full:https://registry.npmjs.org/schema-utils cache-miss
80 silly fetch manifest find-cache-dir@^3.3.1
81 silly packumentCache full:https://registry.npmjs.org/find-cache-dir cache-miss
82 silly fetch manifest loader-utils@^2.0.0
83 silly packumentCache full:https://registry.npmjs.org/loader-utils cache-miss
84 silly fetch manifest schema-utils@^3.0.0
85 silly packumentCache full:https://registry.npmjs.org/schema-utils cache-miss
86 silly fetch manifest object-assign@^4.1.1
87 silly packumentCache full:https://registry.npmjs.org/object-assign cache-miss
88 http fetch GET 200 https://registry.npmjs.org/schema-utils 43ms (cache hit)
89 silly packumentCache full:https://registry.npmjs.org/schema-utils set size:165155 disposed:false
90 silly fetch manifest scheduler@^0.20.2
91 silly packumentCache full:https://registry.npmjs.org/scheduler cache-miss
92 http fetch GET 200 https://registry.npmjs.org/find-cache-dir 49ms (cache hit)
93 silly packumentCache full:https://registry.npmjs.org/find-cache-dir set size:33831 disposed:false
94 silly fetch manifest object-assign@^4.1.1
95 silly packumentCache full:https://registry.npmjs.org/object-assign cache-miss
96 http fetch GET 200 https://registry.npmjs.org/schema-utils 50ms (cache hit)
97 silly packumentCache full:https://registry.npmjs.org/schema-utils set size:165155 disposed:false
98 silly packumentCache full:https://registry.npmjs.org/schema-utils dispose
99 silly fetch manifest klona@^2.0.4
100 silly packumentCache full:https://registry.npmjs.org/klona cache-miss
101 http fetch GET 200 https://registry.npmjs.org/make-dir 69ms (cache miss)
102 silly packumentCache full:https://registry.npmjs.org/make-dir set size:undefined disposed:false
103 silly fetch manifest loader-utils@^2.0.0
104 silly packumentCache full:https://registry.npmjs.org/loader-utils cache-miss
105 http fetch GET 200 https://registry.npmjs.org/scheduler 41ms (cache hit)
106 silly packumentCache full:https://registry.npmjs.org/scheduler set size:4384318 disposed:false
107 silly fetch manifest rechoir@^0.7.0
108 silly packumentCache full:https://registry.npmjs.org/rechoir cache-miss
109 http fetch GET 200 https://registry.npmjs.org/object-assign 134ms (cache miss)
110 silly packumentCache full:https://registry.npmjs.org/object-assign set size:undefined disposed:false
111 silly fetch manifest commander@^7.0.0
112 silly packumentCache full:https://registry.npmjs.org/commander cache-miss
113 http fetch GET 200 https://registry.npmjs.org/rechoir 46ms (cache hit)
114 silly packumentCache full:https://registry.npmjs.org/rechoir set size:32264 disposed:false
115 silly fetch manifest interpret@^2.2.0
116 silly packumentCache full:https://registry.npmjs.org/interpret cache-miss
117 http fetch GET 200 https://registry.npmjs.org/object-assign 192ms (cache miss)
118 silly packumentCache full:https://registry.npmjs.org/object-assign set size:undefined disposed:false
119 silly fetch manifest @webpack-cli/info@^1.5.0
120 silly packumentCache full:https://registry.npmjs.org/@webpack-cli%2finfo cache-miss
121 http fetch GET 200 https://registry.npmjs.org/klona 146ms (cache miss)
122 silly packumentCache full:https://registry.npmjs.org/klona set size:undefined disposed:false
123 silly fetch manifest @webpack-cli/serve@^1.7.0
124 silly packumentCache full:https://registry.npmjs.org/@webpack-cli%2fserve cache-miss
125 http fetch GET 200 https://registry.npmjs.org/loader-utils 213ms (cache miss)
126 silly packumentCache full:https://registry.npmjs.org/loader-utils set size:undefined disposed:false
127 silly fetch manifest @webpack-cli/configtest@^1.2.0
128 silly packumentCache full:https://registry.npmjs.org/@webpack-cli%2fconfigtest cache-miss
129 http fetch GET 200 https://registry.npmjs.org/interpret 29ms (cache hit)
130 silly packumentCache full:https://registry.npmjs.org/interpret set size:99864 disposed:false
131 silly fetch manifest ip@^1.1.5
132 silly packumentCache full:https://registry.npmjs.org/ip cache-miss
133 http fetch GET 200 https://registry.npmjs.org/commander 37ms (cache hit)
134 silly packumentCache full:https://registry.npmjs.org/commander set size:942268 disposed:false
135 silly fetch manifest ws@^6.2.1
136 silly packumentCache full:https://registry.npmjs.org/ws cache-miss
137 http fetch GET 200 https://registry.npmjs.org/loader-utils 173ms (cache miss)
138 silly packumentCache full:https://registry.npmjs.org/loader-utils set size:undefined disposed:false
139 silly fetch manifest del@^4.1.1
140 silly packumentCache full:https://registry.npmjs.org/del cache-miss
141 http fetch GET 200 https://registry.npmjs.org/loader-utils 249ms (cache miss)
142 silly packumentCache full:https://registry.npmjs.org/loader-utils set size:undefined disposed:false
143 silly fetch manifest opn@^5.5.0
144 silly packumentCache full:https://registry.npmjs.org/opn cache-miss
145 http fetch GET 200 https://registry.npmjs.org/@webpack-cli%2finfo 58ms (cache hit)
146 silly packumentCache full:https://registry.npmjs.org/@webpack-cli%2finfo set size:89805 disposed:false
147 silly fetch manifest url@^0.11.0
148 silly packumentCache full:https://registry.npmjs.org/url cache-miss
149 http fetch GET 200 https://registry.npmjs.org/@webpack-cli%2fserve 62ms (cache hit)
150 silly packumentCache full:https://registry.npmjs.org/@webpack-cli%2fserve set size:91980 disposed:false
151 silly fetch manifest yargs@^13.3.2
152 silly packumentCache full:https://registry.npmjs.org/yargs cache-miss
153 http fetch GET 200 https://registry.npmjs.org/@webpack-cli%2fconfigtest 64ms (cache hit)
154 silly packumentCache full:https://registry.npmjs.org/@webpack-cli%2fconfigtest set size:29117 disposed:false
155 silly fetch manifest bonjour@^3.5.0
156 silly packumentCache full:https://registry.npmjs.org/bonjour cache-miss
157 http fetch GET 200 https://registry.npmjs.org/ws 47ms (cache hit)
158 silly packumentCache full:https://registry.npmjs.org/ws set size:403597 disposed:false
159 silly fetch manifest p-retry@^3.0.1
160 silly packumentCache full:https://registry.npmjs.org/p-retry cache-miss
161 http fetch GET 200 https://registry.npmjs.org/ip 88ms (cache miss)
162 silly packumentCache full:https://registry.npmjs.org/ip set size:undefined disposed:false
163 silly fetch manifest chokidar@^2.1.8
164 silly packumentCache full:https://registry.npmjs.org/chokidar cache-miss
165 http fetch GET 200 https://registry.npmjs.org/del 71ms (cache miss)
166 silly packumentCache full:https://registry.npmjs.org/del set size:undefined disposed:false
167 silly fetch manifest killable@^1.0.1
168 silly packumentCache full:https://registry.npmjs.org/killable cache-miss
169 http fetch GET 200 https://registry.npmjs.org/p-retry 36ms (cache hit)
170 silly packumentCache full:https://registry.npmjs.org/p-retry set size:58216 disposed:false
171 silly fetch manifest loglevel@^1.6.8
172 silly packumentCache full:https://registry.npmjs.org/loglevel cache-miss
173 http fetch GET 200 https://registry.npmjs.org/url 84ms (cache miss)
174 silly packumentCache full:https://registry.npmjs.org/url set size:undefined disposed:false
175 silly fetch manifest portfinder@^1.0.26
176 silly packumentCache full:https://registry.npmjs.org/portfinder cache-miss
177 http fetch GET 200 https://registry.npmjs.org/opn 92ms (cache miss)
178 silly packumentCache full:https://registry.npmjs.org/opn set size:undefined disposed:false
179 silly fetch manifest selfsigned@^1.10.8
180 silly packumentCache full:https://registry.npmjs.org/selfsigned cache-miss
181 http fetch GET 200 https://registry.npmjs.org/chokidar 38ms (cache hit)
182 silly packumentCache full:https://registry.npmjs.org/chokidar set size:248929 disposed:false
183 silly fetch manifest strip-ansi@^3.0.1
184 silly packumentCache full:https://registry.npmjs.org/strip-ansi cache-miss
185 http fetch GET 200 https://registry.npmjs.org/bonjour 76ms (cache miss)
186 silly packumentCache full:https://registry.npmjs.org/bonjour set size:undefined disposed:false
187 silly fetch manifest internal-ip@^4.3.0
188 silly packumentCache full:https://registry.npmjs.org/internal-ip cache-miss
189 http fetch GET 200 https://registry.npmjs.org/selfsigned 23ms (cache hit)
190 silly packumentCache full:https://registry.npmjs.org/selfsigned set size:78365 disposed:false
191 silly fetch manifest webpack-log@^2.0.0
192 silly packumentCache full:https://registry.npmjs.org/webpack-log cache-miss
193 http fetch GET 200 https://registry.npmjs.org/strip-ansi 18ms (cache hit)
194 silly packumentCache full:https://registry.npmjs.org/strip-ansi set size:43180 disposed:false
195 silly fetch manifest import-local@^2.0.0
196 silly packumentCache full:https://registry.npmjs.org/import-local cache-miss
197 http fetch GET 200 https://registry.npmjs.org/killable 60ms (cache miss)
198 silly packumentCache full:https://registry.npmjs.org/killable set size:undefined disposed:false
199 silly fetch manifest schema-utils@^1.0.0
200 silly packumentCache full:https://registry.npmjs.org/schema-utils cache-hit
201 silly fetch manifest html-entities@^1.3.1
202 silly packumentCache full:https://registry.npmjs.org/html-entities cache-miss
203 http fetch GET 200 https://registry.npmjs.org/import-local 13ms (cache hit)
204 silly packumentCache full:https://registry.npmjs.org/import-local set size:24258 disposed:false
205 silly fetch manifest sockjs-client@^1.5.0
206 silly packumentCache full:https://registry.npmjs.org/sockjs-client cache-miss
207 http fetch GET 200 https://registry.npmjs.org/portfinder 49ms (cache miss)
208 silly packumentCache full:https://registry.npmjs.org/portfinder set size:undefined disposed:false
209 silly fetch manifest supports-color@^6.1.0
210 silly packumentCache full:https://registry.npmjs.org/supports-color cache-miss
211 http fetch GET 200 https://registry.npmjs.org/html-entities 24ms (cache hit)
212 silly packumentCache full:https://registry.npmjs.org/html-entities set size:128937 disposed:false
213 silly fetch manifest is-absolute-url@^3.0.3
214 silly packumentCache full:https://registry.npmjs.org/is-absolute-url cache-miss
215 http fetch GET 200 https://registry.npmjs.org/supports-color 31ms (cache hit)
216 silly packumentCache full:https://registry.npmjs.org/supports-color set size:113904 disposed:false
217 silly fetch manifest http-proxy-middleware@0.19.1
218 silly packumentCache full:https://registry.npmjs.org/http-proxy-middleware cache-miss
219 http fetch GET 200 https://registry.npmjs.org/internal-ip 68ms (cache miss)
220 silly packumentCache full:https://registry.npmjs.org/internal-ip set size:undefined disposed:false
221 silly fetch manifest webpack-dev-middleware@^3.7.2
222 silly packumentCache full:https://registry.npmjs.org/webpack-dev-middleware cache-miss
223 http fetch GET 200 https://registry.npmjs.org/webpack-log 62ms (cache miss)
224 silly packumentCache full:https://registry.npmjs.org/webpack-log set size:undefined disposed:false
225 silly fetch manifest connect-history-api-fallback@^1.6.0
226 silly packumentCache full:https://registry.npmjs.org/connect-history-api-fallback cache-miss
227 http fetch GET 200 https://registry.npmjs.org/loglevel 110ms (cache miss)
228 silly packumentCache full:https://registry.npmjs.org/loglevel set size:undefined disposed:false
229 http fetch GET 200 https://registry.npmjs.org/http-proxy-middleware 22ms (cache hit)
230 silly packumentCache full:https://registry.npmjs.org/http-proxy-middleware set size:301873 disposed:false
231 http fetch GET 200 https://registry.npmjs.org/webpack-dev-middleware 25ms (cache hit)
232 silly packumentCache full:https://registry.npmjs.org/webpack-dev-middleware set size:344689 disposed:false
233 http fetch GET 200 https://registry.npmjs.org/sockjs-client 72ms (cache miss)
234 silly packumentCache full:https://registry.npmjs.org/sockjs-client set size:undefined disposed:false
235 http fetch GET 200 https://registry.npmjs.org/yargs 200ms (cache miss)
236 silly packumentCache full:https://registry.npmjs.org/yargs set size:undefined disposed:false
237 http fetch GET 200 https://registry.npmjs.org/connect-history-api-fallback 47ms (cache hit)
238 silly packumentCache full:https://registry.npmjs.org/connect-history-api-fallback set size:30068 disposed:false
239 http fetch GET 200 https://registry.npmjs.org/is-absolute-url 74ms (cache miss)
240 silly packumentCache full:https://registry.npmjs.org/is-absolute-url set size:undefined disposed:false
241 silly placeDep ROOT find-cache-dir@3.3.2 OK for: babel-loader@8.4.1 want: ^3.3.1
242 silly placeDep ROOT loader-utils@2.0.4 OK for: babel-loader@8.4.1 want: ^2.0.4
243 silly placeDep ROOT make-dir@3.1.0 OK for: babel-loader@8.4.1 want: ^3.1.0
244 silly placeDep ROOT schema-utils@2.7.1 OK for: babel-loader@8.4.1 want: ^2.6.5
245 silly fetch manifest commondir@^1.0.1
246 silly packumentCache full:https://registry.npmjs.org/commondir cache-miss
247 silly fetch manifest make-dir@^3.0.2
248 silly packumentCache full:https://registry.npmjs.org/make-dir cache-miss
249 silly fetch manifest pkg-dir@^4.1.0
250 silly packumentCache full:https://registry.npmjs.org/pkg-dir cache-miss
251 silly fetch manifest big.js@^5.2.2
252 silly packumentCache full:https://registry.npmjs.org/big.js cache-miss
253 silly fetch manifest emojis-list@^3.0.0
254 silly packumentCache full:https://registry.npmjs.org/emojis-list cache-miss
255 silly fetch manifest ajv@^6.12.4
256 silly packumentCache full:https://registry.npmjs.org/ajv cache-miss
257 silly fetch manifest ajv-keywords@^3.5.2
258 silly packumentCache full:https://registry.npmjs.org/ajv-keywords cache-miss
259 http fetch GET 200 https://registry.npmjs.org/make-dir 17ms (cache hit)
260 silly packumentCache full:https://registry.npmjs.org/make-dir set size:33031 disposed:false
261 http fetch GET 200 https://registry.npmjs.org/ajv 18ms (cache hit)
262 silly packumentCache full:https://registry.npmjs.org/ajv set size:1126072 disposed:false
263 http fetch GET 200 https://registry.npmjs.org/pkg-dir 32ms (cache hit)
264 silly packumentCache full:https://registry.npmjs.org/pkg-dir set size:28205 disposed:false
265 http fetch GET 200 https://registry.npmjs.org/ajv-keywords 32ms (cache hit)
266 silly packumentCache full:https://registry.npmjs.org/ajv-keywords set size:310004 disposed:false
267 http fetch GET 200 https://registry.npmjs.org/emojis-list 72ms (cache miss)
268 silly packumentCache full:https://registry.npmjs.org/emojis-list set size:undefined disposed:false
269 http fetch GET 200 https://registry.npmjs.org/commondir 77ms (cache miss)
270 silly packumentCache full:https://registry.npmjs.org/commondir set size:undefined disposed:false
271 http fetch GET 200 https://registry.npmjs.org/big.js 76ms (cache miss)
272 silly packumentCache full:https://registry.npmjs.org/big.js set size:undefined disposed:false
273 silly placeDep node_modules/css-loader schema-utils@3.3.0 OK for: css-loader@5.2.7 want: ^3.0.0
274 silly fetch manifest ajv@^6.12.5
275 silly packumentCache full:https://registry.npmjs.org/ajv cache-miss
276 http fetch GET 200 https://registry.npmjs.org/ajv 23ms (cache hit)
277 silly packumentCache full:https://registry.npmjs.org/ajv set size:1126072 disposed:false
278 silly placeDep ROOT commondir@1.0.1 OK for: find-cache-dir@3.3.2 want: ^1.0.1
279 silly placeDep ROOT pkg-dir@4.2.0 OK for: find-cache-dir@3.3.2 want: ^4.1.0
280 silly fetch manifest find-up@^4.0.0
281 silly packumentCache full:https://registry.npmjs.org/find-up cache-miss
282 http fetch GET 200 https://registry.npmjs.org/find-up 5ms (cache hit)
283 silly packumentCache full:https://registry.npmjs.org/find-up set size:38503 disposed:false
284 silly placeDep ROOT big.js@5.2.2 OK for: loader-utils@2.0.4 want: ^5.2.2
285 silly placeDep ROOT emojis-list@3.0.0 OK for: loader-utils@2.0.4 want: ^3.0.0
286 silly placeDep ROOT find-up@4.1.0 OK for: pkg-dir@4.2.0 want: ^4.0.0
287 silly fetch manifest locate-path@^5.0.0
288 silly packumentCache full:https://registry.npmjs.org/locate-path cache-miss
289 silly fetch manifest path-exists@^4.0.0
290 silly packumentCache full:https://registry.npmjs.org/path-exists cache-miss
291 http fetch GET 200 https://registry.npmjs.org/locate-path 7ms (cache hit)
292 silly packumentCache full:https://registry.npmjs.org/locate-path set size:29792 disposed:false
293 http fetch GET 200 https://registry.npmjs.org/path-exists 8ms (cache hit)
294 silly packumentCache full:https://registry.npmjs.org/path-exists set size:13704 disposed:false
295 silly placeDep ROOT locate-path@5.0.0 OK for: find-up@4.1.0 want: ^5.0.0
296 silly placeDep ROOT path-exists@4.0.0 OK for: find-up@4.1.0 want: ^4.0.0
297 silly fetch manifest p-locate@^4.1.0
298 silly packumentCache full:https://registry.npmjs.org/p-locate cache-miss
299 http fetch GET 200 https://registry.npmjs.org/p-locate 5ms (cache hit)
300 silly packumentCache full:https://registry.npmjs.org/p-locate set size:20789 disposed:false
301 silly placeDep ROOT p-locate@4.1.0 OK for: locate-path@5.0.0 want: ^4.1.0
302 silly fetch manifest p-limit@^2.2.0
303 silly packumentCache full:https://registry.npmjs.org/p-limit cache-miss
304 http fetch GET 200 https://registry.npmjs.org/p-limit 6ms (cache hit)
305 silly packumentCache full:https://registry.npmjs.org/p-limit set size:47201 disposed:false
306 silly placeDep ROOT p-limit@2.3.0 OK for: p-locate@4.1.0 want: ^2.2.0
307 silly fetch manifest p-try@^2.0.0
308 silly packumentCache full:https://registry.npmjs.org/p-try cache-miss
309 http fetch GET 200 https://registry.npmjs.org/p-try 5ms (cache hit)
310 silly packumentCache full:https://registry.npmjs.org/p-try set size:13014 disposed:false
311 silly placeDep ROOT p-try@2.2.0 OK for: p-limit@2.3.0 want: ^2.0.0
312 silly placeDep ROOT object-assign@4.1.1 OK for: react@17.0.2 want: ^4.1.1
313 silly placeDep ROOT scheduler@0.20.2 OK for: react-dom@17.0.2 want: ^0.20.2
314 silly placeDep ROOT klona@2.0.6 OK for: sass-loader@11.1.1 want: ^2.0.4
315 silly placeDep ROOT ajv@6.12.6 OK for: schema-utils@2.7.1 want: ^6.12.4
316 silly placeDep ROOT ajv-keywords@3.5.2 OK for: schema-utils@2.7.1 want: ^3.5.2
317 silly fetch manifest json-schema-traverse@^0.4.1
318 silly packumentCache full:https://registry.npmjs.org/json-schema-traverse cache-miss
319 http fetch GET 200 https://registry.npmjs.org/json-schema-traverse 5ms (cache hit)
320 silly packumentCache full:https://registry.npmjs.org/json-schema-traverse set size:23537 disposed:false
321 silly placeDep ROOT json-schema-traverse@0.4.1 OK for: ajv@6.12.6 want: ^0.4.1
322 silly placeDep node_modules/style-loader schema-utils@3.3.0 OK for: style-loader@2.0.0 want: ^3.0.0
323 silly fetch manifest webpack-cli@4.x.x
324 silly packumentCache full:https://registry.npmjs.org/webpack-cli cache-hit
325 silly fetch manifest webpack@4.x.x || 5.x.x
326 silly packumentCache full:https://registry.npmjs.org/webpack cache-miss
327 http fetch GET 200 https://registry.npmjs.org/webpack 18ms (cache hit)
328 silly packumentCache full:https://registry.npmjs.org/webpack set size:4698734 disposed:false
329 silly placeDep ROOT @webpack-cli/configtest@1.2.0 OK for: webpack-cli@4.10.0 want: ^1.2.0
330 silly placeDep ROOT @webpack-cli/info@1.5.0 OK for: webpack-cli@4.10.0 want: ^1.5.0
331 silly placeDep ROOT @webpack-cli/serve@1.7.0 OK for: webpack-cli@4.10.0 want: ^1.7.0
332 silly placeDep node_modules/webpack-cli commander@7.2.0 OK for: webpack-cli@4.10.0 want: ^7.0.0
333 silly placeDep ROOT interpret@2.2.0 OK for: webpack-cli@4.10.0 want: ^2.2.0
334 silly placeDep ROOT rechoir@0.7.1 OK for: webpack-cli@4.10.0 want: ^0.7.0
335 silly fetch manifest envinfo@^7.7.3
336 silly packumentCache full:https://registry.npmjs.org/envinfo cache-miss
337 http fetch GET 200 https://registry.npmjs.org/envinfo 6ms (cache hit)
338 silly packumentCache full:https://registry.npmjs.org/envinfo set size:257481 disposed:false
339 silly placeDep ROOT envinfo@7.14.0 OK for: @webpack-cli/info@1.5.0 want: ^7.7.3
340 silly fetch manifest webpack@^4.0.0 || ^5.0.0
341 silly packumentCache full:https://registry.npmjs.org/webpack cache-miss
342 http fetch GET 200 https://registry.npmjs.org/webpack 20ms (cache hit)
343 silly packumentCache full:https://registry.npmjs.org/webpack set size:4698734 disposed:false
344 silly placeDep ROOT bonjour@3.5.0 OK for: webpack-dev-server@3.11.3 want: ^3.5.0
345 silly placeDep node_modules/webpack-dev-server chokidar@2.1.8 OK for: webpack-dev-server@3.11.3 want: ^2.1.8
346 silly placeDep ROOT connect-history-api-fallback@1.6.0 OK for: webpack-dev-server@3.11.3 want: ^1.6.0
347 silly placeDep ROOT del@4.1.1 OK for: webpack-dev-server@3.11.3 want: ^4.1.1
348 silly placeDep ROOT html-entities@1.4.0 OK for: webpack-dev-server@3.11.3 want: ^1.3.1
349 silly placeDep ROOT http-proxy-middleware@0.19.1 OK for: webpack-dev-server@3.11.3 want: 0.19.1
350 silly placeDep node_modules/webpack-dev-server import-local@2.0.0 OK for: webpack-dev-server@3.11.3 want: ^2.0.0
351 silly placeDep ROOT internal-ip@4.3.0 OK for: webpack-dev-server@3.11.3 want: ^4.3.0
352 silly placeDep ROOT ip@1.1.9 OK for: webpack-dev-server@3.11.3 want: ^1.1.5
353 silly placeDep ROOT is-absolute-url@3.0.3 OK for: webpack-dev-server@3.11.3 want: ^3.0.3
354 silly placeDep ROOT killable@1.0.1 OK for: webpack-dev-server@3.11.3 want: ^1.0.1
355 silly placeDep ROOT loglevel@1.9.2 OK for: webpack-dev-server@3.11.3 want: ^1.6.8
356 silly placeDep ROOT opn@5.5.0 OK for: webpack-dev-server@3.11.3 want: ^5.5.0
357 silly placeDep ROOT p-retry@3.0.1 OK for: webpack-dev-server@3.11.3 want: ^3.0.1
358 silly placeDep ROOT portfinder@1.0.32 OK for: webpack-dev-server@3.11.3 want: ^1.0.26
359 silly placeDep node_modules/webpack-dev-server schema-utils@1.0.0 OK for: webpack-dev-server@3.11.3 want: ^1.0.0
360 silly placeDep ROOT selfsigned@1.10.14 OK for: webpack-dev-server@3.11.3 want: ^1.10.8
361 silly placeDep ROOT sockjs-client@1.6.1 OK for: webpack-dev-server@3.11.3 want: ^1.5.0
362 silly placeDep node_modules/webpack-dev-server strip-ansi@3.0.1 OK for: webpack-dev-server@3.11.3 want: ^3.0.1
363 silly placeDep node_modules/webpack-dev-server supports-color@6.1.0 OK for: webpack-dev-server@3.11.3 want: ^6.1.0
364 silly placeDep ROOT url@0.11.4 OK for: webpack-dev-server@3.11.3 want: ^0.11.0
365 silly placeDep ROOT webpack-dev-middleware@3.7.3 OK for: webpack-dev-server@3.11.3 want: ^3.7.2
366 silly placeDep ROOT webpack-log@2.0.0 OK for: webpack-dev-server@3.11.3 want: ^2.0.0
367 silly placeDep ROOT ws@6.2.3 OK for: webpack-dev-server@3.11.3 want: ^6.2.1
368 silly placeDep ROOT yargs@13.3.2 OK for: webpack-dev-server@3.11.3 want: ^13.3.2
369 silly fetch manifest array-flatten@^2.1.0
370 silly packumentCache full:https://registry.npmjs.org/array-flatten cache-miss
371 silly fetch manifest deep-equal@^1.0.1
372 silly packumentCache full:https://registry.npmjs.org/deep-equal cache-miss
373 silly fetch manifest dns-equal@^1.0.0
374 silly packumentCache full:https://registry.npmjs.org/dns-equal cache-miss
375 silly fetch manifest dns-txt@^2.0.2
376 silly packumentCache full:https://registry.npmjs.org/dns-txt cache-miss
377 silly fetch manifest multicast-dns@^6.0.1
378 silly packumentCache full:https://registry.npmjs.org/multicast-dns cache-miss
379 silly fetch manifest multicast-dns-service-types@^1.1.0
380 silly packumentCache full:https://registry.npmjs.org/multicast-dns-service-types cache-miss
381 silly fetch manifest upath@^1.1.1
382 silly packumentCache full:https://registry.npmjs.org/upath cache-miss
383 http fetch GET 200 https://registry.npmjs.org/multicast-dns 26ms (cache hit)
384 silly packumentCache full:https://registry.npmjs.org/multicast-dns set size:79318 disposed:false
385 silly fetch manifest braces@^2.3.2
386 silly packumentCache full:https://registry.npmjs.org/braces cache-miss
387 http fetch GET 200 https://registry.npmjs.org/array-flatten 32ms (cache hit)
388 silly packumentCache full:https://registry.npmjs.org/array-flatten set size:24005 disposed:false
389 silly fetch manifest anymatch@^2.0.0
390 silly packumentCache full:https://registry.npmjs.org/anymatch cache-miss
391 http fetch GET 200 https://registry.npmjs.org/anymatch 16ms (cache hit)
392 silly packumentCache full:https://registry.npmjs.org/anymatch set size:42974 disposed:false
393 silly fetch manifest readdirp@^2.2.1
394 silly packumentCache full:https://registry.npmjs.org/readdirp cache-miss
395 http fetch GET 200 https://registry.npmjs.org/braces 22ms (cache hit)
396 silly packumentCache full:https://registry.npmjs.org/braces set size:114529 disposed:false
397 silly fetch manifest async-each@^1.0.1
398 silly packumentCache full:https://registry.npmjs.org/async-each cache-miss
399 http fetch GET 200 https://registry.npmjs.org/dns-txt 68ms (cache miss)
400 silly packumentCache full:https://registry.npmjs.org/dns-txt set size:undefined disposed:false
401 silly fetch manifest glob-parent@^3.1.0
402 silly packumentCache full:https://registry.npmjs.org/glob-parent cache-miss
403 http fetch GET 200 https://registry.npmjs.org/dns-equal 71ms (cache miss)
404 silly packumentCache full:https://registry.npmjs.org/dns-equal set size:undefined disposed:false
405 silly fetch manifest is-binary-path@^1.0.0
406 silly packumentCache full:https://registry.npmjs.org/is-binary-path cache-miss
407 http fetch GET 200 https://registry.npmjs.org/multicast-dns-service-types 71ms (cache miss)
408 silly packumentCache full:https://registry.npmjs.org/multicast-dns-service-types set size:undefined disposed:false
409 silly fetch manifest normalize-path@^3.0.0
410 silly packumentCache full:https://registry.npmjs.org/normalize-path cache-miss
411 http fetch GET 200 https://registry.npmjs.org/deep-equal 79ms (cache miss)
412 silly packumentCache full:https://registry.npmjs.org/deep-equal set size:undefined disposed:false
413 silly fetch manifest path-is-absolute@^1.0.0
414 silly packumentCache full:https://registry.npmjs.org/path-is-absolute cache-miss
415 http fetch GET 200 https://registry.npmjs.org/readdirp 31ms (cache hit)
416 silly packumentCache full:https://registry.npmjs.org/readdirp set size:97747 disposed:false
417 silly fetch manifest fsevents@^1.2.7
418 silly packumentCache full:https://registry.npmjs.org/fsevents cache-miss
419 http fetch GET 200 https://registry.npmjs.org/upath 85ms (cache miss)
420 silly packumentCache full:https://registry.npmjs.org/upath set size:undefined disposed:false
421 silly fetch manifest pify@^4.0.1
422 silly packumentCache full:https://registry.npmjs.org/pify cache-miss
423 http fetch GET 200 https://registry.npmjs.org/glob-parent 36ms (cache hit)
424 silly packumentCache full:https://registry.npmjs.org/glob-parent set size:42445 disposed:false
425 silly fetch manifest p-map@^2.0.0
426 silly packumentCache full:https://registry.npmjs.org/p-map cache-miss
427 http fetch GET 200 https://registry.npmjs.org/is-binary-path 40ms (cache hit)
428 silly packumentCache full:https://registry.npmjs.org/is-binary-path set size:13475 disposed:false
429 silly fetch manifest globby@^6.1.0
430 silly packumentCache full:https://registry.npmjs.org/globby cache-miss
431 http fetch GET 200 https://registry.npmjs.org/normalize-path 42ms (cache hit)
432 silly packumentCache full:https://registry.npmjs.org/normalize-path set size:28713 disposed:false
433 silly fetch manifest rimraf@^2.6.3
434 silly packumentCache full:https://registry.npmjs.org/rimraf cache-miss
435 http fetch GET 200 https://registry.npmjs.org/fsevents 39ms (cache hit)
436 silly packumentCache full:https://registry.npmjs.org/fsevents set size:182472 disposed:false
437 silly fetch manifest @types/glob@^7.1.1
438 silly packumentCache full:https://registry.npmjs.org/@types%2fglob cache-miss
439 http fetch GET 200 https://registry.npmjs.org/async-each 78ms (cache miss)
440 silly packumentCache full:https://registry.npmjs.org/async-each set size:undefined disposed:false
441 silly fetch manifest is-path-cwd@^2.0.0
442 silly packumentCache full:https://registry.npmjs.org/is-path-cwd cache-miss
443 http fetch GET 200 https://registry.npmjs.org/path-is-absolute 64ms (cache miss)
444 silly packumentCache full:https://registry.npmjs.org/path-is-absolute set size:undefined disposed:false
445 silly fetch manifest is-path-in-cwd@^2.0.0
446 silly packumentCache full:https://registry.npmjs.org/is-path-in-cwd cache-miss
447 http fetch GET 200 https://registry.npmjs.org/pify 58ms (cache miss)
448 silly packumentCache full:https://registry.npmjs.org/pify set size:undefined disposed:false
449 silly fetch manifest http-proxy@^1.17.0
450 silly packumentCache full:https://registry.npmjs.org/http-proxy cache-miss
451 http fetch GET 200 https://registry.npmjs.org/p-map 47ms (cache miss)
452 silly packumentCache full:https://registry.npmjs.org/p-map set size:undefined disposed:false
453 silly fetch manifest micromatch@^3.1.10
454 silly packumentCache full:https://registry.npmjs.org/micromatch cache-miss
455 http fetch GET 200 https://registry.npmjs.org/http-proxy 20ms (cache hit)
456 silly packumentCache full:https://registry.npmjs.org/http-proxy set size:183172 disposed:false
457 silly fetch manifest pkg-dir@^3.0.0
458 silly packumentCache full:https://registry.npmjs.org/pkg-dir cache-hit
459 silly fetch manifest resolve-cwd@^2.0.0
460 silly packumentCache full:https://registry.npmjs.org/resolve-cwd cache-miss
461 http fetch GET 200 https://registry.npmjs.org/rimraf 67ms (cache miss)
462 silly packumentCache full:https://registry.npmjs.org/rimraf set size:undefined disposed:false
463 silly fetch manifest default-gateway@^4.2.0
464 silly packumentCache full:https://registry.npmjs.org/default-gateway cache-miss
465 http fetch GET 200 https://registry.npmjs.org/is-path-cwd 59ms (cache miss)
466 silly packumentCache full:https://registry.npmjs.org/is-path-cwd set size:undefined disposed:false
467 silly fetch manifest ipaddr.js@^1.9.0
468 silly packumentCache full:https://registry.npmjs.org/ipaddr.js cache-miss
469 http fetch GET 200 https://registry.npmjs.org/micromatch 42ms (cache hit)
470 silly packumentCache full:https://registry.npmjs.org/micromatch set size:240630 disposed:false
471 silly fetch manifest is-wsl@^1.1.0
472 silly packumentCache full:https://registry.npmjs.org/is-wsl cache-miss
473 http fetch GET 200 https://registry.npmjs.org/is-path-in-cwd 66ms (cache miss)
474 silly packumentCache full:https://registry.npmjs.org/is-path-in-cwd set size:undefined disposed:false
475 silly fetch manifest retry@^0.12.0
476 silly packumentCache full:https://registry.npmjs.org/retry cache-miss
477 http fetch GET 200 https://registry.npmjs.org/resolve-cwd 38ms (cache hit)
478 silly packumentCache full:https://registry.npmjs.org/resolve-cwd set size:8449 disposed:false
479 silly fetch manifest async@^2.6.4
480 silly packumentCache full:https://registry.npmjs.org/async cache-miss
481 http fetch GET 200 https://registry.npmjs.org/@types%2fglob 90ms (cache miss)
482 silly packumentCache full:https://registry.npmjs.org/@types%2fglob set size:undefined disposed:false
483 silly fetch manifest debug@^3.2.7
484 silly packumentCache full:https://registry.npmjs.org/debug cache-miss
485 http fetch GET 200 https://registry.npmjs.org/ipaddr.js 29ms (cache hit)
486 silly packumentCache full:https://registry.npmjs.org/ipaddr.js set size:65942 disposed:false
487 silly fetch manifest mkdirp@^0.5.6
488 silly packumentCache full:https://registry.npmjs.org/mkdirp cache-miss
489 http fetch GET 200 https://registry.npmjs.org/is-wsl 28ms (cache hit)
490 silly packumentCache full:https://registry.npmjs.org/is-wsl set size:18741 disposed:false
491 silly fetch manifest ajv-errors@^1.0.0
492 silly packumentCache full:https://registry.npmjs.org/ajv-errors cache-miss
493 http fetch GET 200 https://registry.npmjs.org/globby 123ms (cache miss)
494 silly packumentCache full:https://registry.npmjs.org/globby set size:undefined disposed:false
495 silly fetch manifest node-forge@^0.10.0
496 silly packumentCache full:https://registry.npmjs.org/node-forge cache-miss
497 http fetch GET 200 https://registry.npmjs.org/retry 34ms (cache hit)
498 silly packumentCache full:https://registry.npmjs.org/retry set size:31161 disposed:false
499 silly fetch manifest debug@^3.2.7
500 silly packumentCache full:https://registry.npmjs.org/debug cache-miss
501 http fetch GET 200 https://registry.npmjs.org/debug 31ms (cache hit)
502 silly packumentCache full:https://registry.npmjs.org/debug set size:188929 disposed:false
503 silly fetch manifest eventsource@^2.0.2
504 silly packumentCache full:https://registry.npmjs.org/eventsource cache-miss
505 http fetch GET 200 https://registry.npmjs.org/node-forge 25ms (cache hit)
506 silly packumentCache full:https://registry.npmjs.org/node-forge set size:383632 disposed:false
507 silly fetch manifest url-parse@^1.5.10
508 silly packumentCache full:https://registry.npmjs.org/url-parse cache-miss
509 http fetch GET 200 https://registry.npmjs.org/debug 48ms (cache hit)
510 silly packumentCache full:https://registry.npmjs.org/debug set size:188929 disposed:false
511 silly packumentCache full:https://registry.npmjs.org/debug dispose
512 silly fetch manifest ansi-regex@^2.0.0
513 silly packumentCache full:https://registry.npmjs.org/ansi-regex cache-miss
514 http fetch GET 200 https://registry.npmjs.org/ajv-errors 91ms (cache miss)
515 silly packumentCache full:https://registry.npmjs.org/ajv-errors set size:undefined disposed:false
516 silly fetch manifest has-flag@^3.0.0
517 silly packumentCache full:https://registry.npmjs.org/has-flag cache-miss
518 http fetch GET 200 https://registry.npmjs.org/async 124ms (cache miss)
519 silly packumentCache full:https://registry.npmjs.org/async set size:undefined disposed:false
520 silly fetch manifest punycode@^1.4.1
521 silly packumentCache full:https://registry.npmjs.org/punycode cache-miss
522 http fetch GET 200 https://registry.npmjs.org/eventsource 91ms (cache miss)
523 silly packumentCache full:https://registry.npmjs.org/eventsource set size:undefined disposed:false
524 silly fetch manifest mime@^2.4.4
525 silly packumentCache full:https://registry.npmjs.org/mime cache-miss
526 http fetch GET 200 https://registry.npmjs.org/default-gateway 162ms (cache miss)
527 silly packumentCache full:https://registry.npmjs.org/default-gateway set size:undefined disposed:false
528 silly fetch manifest mkdirp@^0.5.1
529 silly packumentCache full:https://registry.npmjs.org/mkdirp cache-miss
530 http fetch GET 200 https://registry.npmjs.org/ansi-regex 55ms (cache hit)
531 silly packumentCache full:https://registry.npmjs.org/ansi-regex set size:41869 disposed:false
532 silly fetch manifest memory-fs@^0.4.1
533 silly packumentCache full:https://registry.npmjs.org/memory-fs cache-miss
534 http fetch GET 200 https://registry.npmjs.org/mkdirp 135ms (cache miss)
535 silly packumentCache full:https://registry.npmjs.org/mkdirp set size:undefined disposed:false
536 silly fetch manifest ansi-colors@^3.0.0
537 silly packumentCache full:https://registry.npmjs.org/ansi-colors cache-miss
538 http fetch GET 200 https://registry.npmjs.org/url-parse 97ms (cache miss)
539 silly packumentCache full:https://registry.npmjs.org/url-parse set size:undefined disposed:false
540 silly fetch manifest uuid@^3.3.2
541 silly packumentCache full:https://registry.npmjs.org/uuid cache-miss
542 http fetch GET 200 https://registry.npmjs.org/has-flag 41ms (cache hit)
543 silly packumentCache full:https://registry.npmjs.org/has-flag set size:15180 disposed:false
544 silly fetch manifest async-limiter@~1.0.0
545 silly packumentCache full:https://registry.npmjs.org/async-limiter cache-miss
546 http fetch GET 200 https://registry.npmjs.org/punycode 31ms (cache hit)
547 silly packumentCache full:https://registry.npmjs.org/punycode set size:61302 disposed:false
548 silly fetch manifest y18n@^4.0.0
549 silly packumentCache full:https://registry.npmjs.org/y18n cache-miss
550 http fetch GET 200 https://registry.npmjs.org/mime 31ms (cache hit)
551 silly packumentCache full:https://registry.npmjs.org/mime set size:119814 disposed:false
552 silly fetch manifest cliui@^5.0.0
553 silly packumentCache full:https://registry.npmjs.org/cliui cache-miss
554 http fetch GET 200 https://registry.npmjs.org/uuid 35ms (cache hit)
555 silly packumentCache full:https://registry.npmjs.org/uuid set size:199993 disposed:false
556 silly fetch manifest find-up@^3.0.0
557 silly packumentCache full:https://registry.npmjs.org/find-up cache-hit
558 silly fetch manifest set-blocking@^2.0.0
559 silly packumentCache full:https://registry.npmjs.org/set-blocking cache-miss
560 http fetch GET 200 https://registry.npmjs.org/memory-fs 67ms (cache miss)
561 silly packumentCache full:https://registry.npmjs.org/memory-fs set size:undefined disposed:false
562 silly fetch manifest string-width@^3.0.0
563 silly packumentCache full:https://registry.npmjs.org/string-width cache-miss
564 http fetch GET 200 https://registry.npmjs.org/async-limiter 62ms (cache miss)
565 silly packumentCache full:https://registry.npmjs.org/async-limiter set size:undefined disposed:false
566 silly fetch manifest which-module@^2.0.0
567 silly packumentCache full:https://registry.npmjs.org/which-module cache-miss
568 http fetch GET 200 https://registry.npmjs.org/ansi-colors 73ms (cache miss)
569 silly packumentCache full:https://registry.npmjs.org/ansi-colors set size:undefined disposed:false
570 silly fetch manifest yargs-parser@^13.1.2
571 silly packumentCache full:https://registry.npmjs.org/yargs-parser cache-miss
572 http fetch GET 200 https://registry.npmjs.org/y18n 62ms (cache miss)
573 silly packumentCache full:https://registry.npmjs.org/y18n set size:undefined disposed:false
574 silly fetch manifest get-caller-file@^2.0.1
575 silly packumentCache full:https://registry.npmjs.org/get-caller-file cache-miss
576 http fetch GET 200 https://registry.npmjs.org/mkdirp 91ms (cache miss)
577 silly packumentCache full:https://registry.npmjs.org/mkdirp set size:undefined disposed:false
578 silly fetch manifest require-directory@^2.1.1
579 silly packumentCache full:https://registry.npmjs.org/require-directory cache-miss
580 http fetch GET 200 https://registry.npmjs.org/string-width 46ms (cache miss)
581 silly packumentCache full:https://registry.npmjs.org/string-width set size:undefined disposed:false
582 silly fetch manifest require-main-filename@^2.0.0
583 silly packumentCache full:https://registry.npmjs.org/require-main-filename cache-miss
584 http fetch GET 200 https://registry.npmjs.org/set-blocking 72ms (cache miss)
585 silly packumentCache full:https://registry.npmjs.org/set-blocking set size:undefined disposed:false
586 http fetch GET 200 https://registry.npmjs.org/get-caller-file 64ms (cache miss)
587 silly packumentCache full:https://registry.npmjs.org/get-caller-file set size:undefined disposed:false
588 http fetch GET 200 https://registry.npmjs.org/which-module 74ms (cache miss)
589 silly packumentCache full:https://registry.npmjs.org/which-module set size:undefined disposed:false
590 http fetch GET 200 https://registry.npmjs.org/cliui 131ms (cache miss)
591 silly packumentCache full:https://registry.npmjs.org/cliui set size:undefined disposed:false
592 http fetch GET 200 https://registry.npmjs.org/require-main-filename 42ms (cache miss)
593 silly packumentCache full:https://registry.npmjs.org/require-main-filename set size:undefined disposed:false
594 http fetch GET 200 https://registry.npmjs.org/yargs-parser 81ms (cache miss)
595 silly packumentCache full:https://registry.npmjs.org/yargs-parser set size:undefined disposed:false
596 http fetch GET 200 https://registry.npmjs.org/require-directory 90ms (cache miss)
597 silly packumentCache full:https://registry.npmjs.org/require-directory set size:undefined disposed:false
598 silly placeDep node_modules/bonjour array-flatten@2.1.2 OK for: bonjour@3.5.0 want: ^2.1.0
599 silly placeDep ROOT deep-equal@1.1.2 OK for: bonjour@3.5.0 want: ^1.0.1
600 silly placeDep ROOT dns-equal@1.0.0 OK for: bonjour@3.5.0 want: ^1.0.0
601 silly placeDep ROOT dns-txt@2.0.2 OK for: bonjour@3.5.0 want: ^2.0.2
602 silly placeDep ROOT multicast-dns@6.2.3 OK for: bonjour@3.5.0 want: ^6.0.1
603 silly placeDep ROOT multicast-dns-service-types@1.1.0 OK for: bonjour@3.5.0 want: ^1.1.0
604 silly fetch manifest is-arguments@^1.1.1
605 silly packumentCache full:https://registry.npmjs.org/is-arguments cache-miss
606 silly fetch manifest is-date-object@^1.0.5
607 silly packumentCache full:https://registry.npmjs.org/is-date-object cache-miss
608 silly fetch manifest is-regex@^1.1.4
609 silly packumentCache full:https://registry.npmjs.org/is-regex cache-miss
610 silly fetch manifest object-is@^1.1.5
611 silly packumentCache full:https://registry.npmjs.org/object-is cache-miss
612 silly fetch manifest object-keys@^1.1.1
613 silly packumentCache full:https://registry.npmjs.org/object-keys cache-miss
614 silly fetch manifest regexp.prototype.flags@^1.5.1
615 silly packumentCache full:https://registry.npmjs.org/regexp.prototype.flags cache-miss
616 silly fetch manifest buffer-indexof@^1.0.0
617 silly packumentCache full:https://registry.npmjs.org/buffer-indexof cache-miss
