0 verbose cli /usr/bin/node /usr/bin/npm
1 info using npm@10.8.2
2 info using node@v20.18.0
3 silly config load:file:/usr/lib/node_modules/npm/npmrc
4 silly config load:file:/home/user/new_sweet_flowers/.npmrc
5 silly config load:file:/home/user/.npmrc
6 silly config load:file:/usr/etc/npmrc
7 verbose title npm install react-router-dom
8 verbose argv "install" "react-router-dom"
9 verbose logfile logs-max:10 dir:/home/user/.npm/_logs/2024-11-20T23_07_20_080Z-
10 verbose logfile /home/user/.npm/_logs/2024-11-20T23_07_20_080Z-debug-0.log
11 silly packumentCache heap:2114453504 maxSize:528613376 maxEntrySize:264306688
12 silly logfile done cleaning log files
13 silly idealTree buildDeps
14 silly fetch manifest axios@^0.21.1
15 silly packumentCache full:https://registry.npmjs.org/axios cache-miss
16 http fetch GET 200 https://registry.npmjs.org/axios 401ms (cache miss)
17 silly packumentCache full:https://registry.npmjs.org/axios set size:undefined disposed:false
18 silly fetch manifest gsap@^3.7.1
19 silly packumentCache full:https://registry.npmjs.org/gsap cache-miss
20 http fetch GET 200 https://registry.npmjs.org/gsap 42ms (cache miss)
21 silly packumentCache full:https://registry.npmjs.org/gsap set size:undefined disposed:false
22 silly fetch manifest react-router-dom@*
23 silly packumentCache full:https://registry.npmjs.org/react-router-dom cache-miss
24 http fetch GET 200 https://registry.npmjs.org/react-router-dom 60ms (cache miss)
25 silly packumentCache full:https://registry.npmjs.org/react-router-dom set size:undefined disposed:false
26 silly fetch manifest react@^17.0.2
27 silly packumentCache full:https://registry.npmjs.org/react cache-miss
28 http fetch GET 200 https://registry.npmjs.org/react 58ms (cache revalidated)
