0 verbose cli /usr/bin/node /usr/bin/npm
1 info using npm@10.8.2
2 info using node@v20.18.0
3 silly config load:file:/usr/lib/node_modules/npm/npmrc
4 silly config load:file:/home/user/new_sweet_flowers/.npmrc
5 silly config load:file:/home/user/.npmrc
6 silly config load:file:/usr/etc/npmrc
7 verbose title npm install jsonwebtoken bcryptjs
8 verbose argv "install" "jsonwebtoken" "bcryptjs"
9 verbose logfile logs-max:10 dir:/home/user/.npm/_logs/2024-11-20T23_27_59_982Z-
10 verbose logfile /home/user/.npm/_logs/2024-11-20T23_27_59_982Z-debug-0.log
11 silly packumentCache heap:2114453504 maxSize:528613376 maxEntrySize:264306688
12 silly logfile done cleaning log files
13 silly idealTree buildDeps
14 silly fetch manifest concurrently@^6.2.0
15 silly packumentCache full:https://registry.npmjs.org/concurrently cache-miss
16 http fetch GET 200 https://registry.npmjs.org/concurrently 358ms (cache hit)
17 silly packumentCache full:https://registry.npmjs.org/concurrently set size:188885 disposed:false
18 silly fetch manifest cors@^2.8.5
19 silly packumentCache full:https://registry.npmjs.org/cors cache-miss
20 http fetch GET 200 https://registry.npmjs.org/cors 128ms (cache miss)
21 silly packumentCache full:https://registry.npmjs.org/cors set size:undefined disposed:false
22 silly fetch manifest react-router-dom@^5.2.0
23 silly packumentCache full:https://registry.npmjs.org/react-router-dom cache-miss
24 http fetch GET 200 https://registry.npmjs.org/react-router-dom 36ms (cache revalidated)
25 silly packumentCache full:https://registry.npmjs.org/react-router-dom set size:1216837 disposed:false
26 silly fetch manifest react@^17.0.2
27 silly packumentCache full:https://registry.npmjs.org/react cache-miss
28 http fetch GET 200 https://registry.npmjs.org/react 62ms (cache revalidated)
29 silly packumentCache full:https://registry.npmjs.org/react set size:5175500 disposed:false
30 silly fetch manifest react-scripts@4.0.3
31 silly packumentCache full:https://registry.npmjs.org/react-scripts cache-miss
32 http fetch GET 200 https://registry.npmjs.org/react-scripts 60ms (cache miss)
33 silly packumentCache full:https://registry.npmjs.org/react-scripts set size:undefined disposed:false
34 silly fetch manifest typescript@^3.2.1 || ^4
35 silly packumentCache full:https://registry.npmjs.org/typescript cache-miss
36 http fetch GET 200 https://registry.npmjs.org/typescript 322ms (cache miss)
37 silly packumentCache full:https://registry.npmjs.org/typescript set size:undefined disposed:false
38 silly fetch manifest jsonwebtoken@*
39 silly packumentCache full:https://registry.npmjs.org/jsonwebtoken cache-miss
40 http fetch GET 200 https://registry.npmjs.org/jsonwebtoken 33ms (cache miss)
41 silly packumentCache full:https://registry.npmjs.org/jsonwebtoken set size:undefined disposed:false
42 silly fetch manifest bcryptjs@*
43 silly packumentCache full:https://registry.npmjs.org/bcryptjs cache-miss
44 http fetch GET 200 https://registry.npmjs.org/bcryptjs 30ms (cache miss)
45 silly packumentCache full:https://registry.npmjs.org/bcryptjs set size:undefined disposed:false
46 silly placeDep ROOT bcryptjs@2.4.3 OK for: sweet-flowers@1.0.0 want: *
47 silly placeDep ROOT concurrently@6.5.1 REPLACE for: sweet-flowers@1.0.0 want: ^6.2.0
48 silly placeDep ROOT cors@2.8.5 OK for: sweet-flowers@1.0.0 want: ^2.8.5
49 silly placeDep ROOT jsonwebtoken@9.0.2 OK for: sweet-flowers@1.0.0 want: *
50 silly placeDep ROOT react-router-dom@5.3.4 REPLACE for: sweet-flowers@1.0.0 want: ^5.2.0
51 silly placeDep ROOT react-scripts@4.0.3 OK for: sweet-flowers@1.0.0 want: 4.0.3
52 silly fetch manifest rxjs@^6.6.3
53 silly packumentCache full:https://registry.npmjs.org/rxjs cache-miss
54 silly fetch manifest yargs@^16.2.0
55 silly packumentCache full:https://registry.npmjs.org/yargs cache-miss
56 silly fetch manifest date-fns@^2.16.1
57 silly packumentCache full:https://registry.npmjs.org/date-fns cache-miss
58 silly fetch manifest spawn-command@^0.0.2-1
59 silly packumentCache full:https://registry.npmjs.org/spawn-command cache-miss
60 silly fetch manifest jws@^3.2.2
61 silly packumentCache full:https://registry.npmjs.org/jws cache-miss
62 silly fetch manifest lodash.includes@^4.3.0
63 silly packumentCache full:https://registry.npmjs.org/lodash.includes cache-miss
64 silly fetch manifest lodash.isboolean@^3.0.3
65 silly packumentCache full:https://registry.npmjs.org/lodash.isboolean cache-miss
66 http fetch GET 200 https://registry.npmjs.org/rxjs 61ms (cache hit)
67 silly packumentCache full:https://registry.npmjs.org/rxjs set size:1240752 disposed:false
68 silly fetch manifest lodash.isinteger@^4.0.4
69 silly packumentCache full:https://registry.npmjs.org/lodash.isinteger cache-miss
70 http fetch GET 200 https://registry.npmjs.org/yargs 83ms (cache hit)
71 silly packumentCache full:https://registry.npmjs.org/yargs set size:1061296 disposed:false
72 silly fetch manifest lodash.isnumber@^3.0.3
73 silly packumentCache full:https://registry.npmjs.org/lodash.isnumber cache-miss
74 http fetch GET 200 https://registry.npmjs.org/spawn-command 141ms (cache miss)
75 silly packumentCache full:https://registry.npmjs.org/spawn-command set size:undefined disposed:false
76 silly fetch manifest lodash.isplainobject@^4.0.6
77 silly packumentCache full:https://registry.npmjs.org/lodash.isplainobject cache-miss
78 http fetch GET 200 https://registry.npmjs.org/lodash.isboolean 143ms (cache miss)
79 silly packumentCache full:https://registry.npmjs.org/lodash.isboolean set size:undefined disposed:false
80 silly fetch manifest lodash.isstring@^4.0.1
81 silly packumentCache full:https://registry.npmjs.org/lodash.isstring cache-miss
82 http fetch GET 200 https://registry.npmjs.org/lodash.includes 145ms (cache miss)
83 silly packumentCache full:https://registry.npmjs.org/lodash.includes set size:undefined disposed:false
84 silly fetch manifest lodash.once@^4.0.0
85 silly packumentCache full:https://registry.npmjs.org/lodash.once cache-miss
86 http fetch GET 200 https://registry.npmjs.org/jws 163ms (cache miss)
87 silly packumentCache full:https://registry.npmjs.org/jws set size:undefined disposed:false
88 silly fetch manifest semver@^7.5.4
89 silly packumentCache full:https://registry.npmjs.org/semver cache-miss
90 http fetch GET 200 https://registry.npmjs.org/lodash.isnumber 76ms (cache miss)
91 silly packumentCache full:https://registry.npmjs.org/lodash.isnumber set size:undefined disposed:false
92 silly fetch manifest history@^4.9.0
93 silly packumentCache full:https://registry.npmjs.org/history cache-miss
94 http fetch GET 200 https://registry.npmjs.org/lodash.isinteger 101ms (cache miss)
95 silly packumentCache full:https://registry.npmjs.org/lodash.isinteger set size:undefined disposed:false
96 silly fetch manifest prop-types@^15.6.2
97 silly packumentCache full:https://registry.npmjs.org/prop-types cache-miss
98 http fetch GET 200 https://registry.npmjs.org/lodash.isstring 52ms (cache miss)
99 silly packumentCache full:https://registry.npmjs.org/lodash.isstring set size:undefined disposed:false
100 silly fetch manifest react-router@5.3.4
101 silly packumentCache full:https://registry.npmjs.org/react-router cache-miss
102 http fetch GET 200 https://registry.npmjs.org/lodash.isplainobject 63ms (cache miss)
103 silly packumentCache full:https://registry.npmjs.org/lodash.isplainobject set size:undefined disposed:false
104 silly fetch manifest tiny-warning@^1.0.0
105 silly packumentCache full:https://registry.npmjs.org/tiny-warning cache-miss
106 http fetch GET 200 https://registry.npmjs.org/lodash.once 68ms (cache miss)
107 silly packumentCache full:https://registry.npmjs.org/lodash.once set size:undefined disposed:false
108 silly fetch manifest tiny-invariant@^1.0.2
109 silly packumentCache full:https://registry.npmjs.org/tiny-invariant cache-miss
110 http fetch GET 200 https://registry.npmjs.org/semver 61ms (cache revalidated)
111 silly packumentCache full:https://registry.npmjs.org/semver set size:215926 disposed:false
112 silly fetch manifest @babel/core@7.12.3
113 silly packumentCache full:https://registry.npmjs.org/@babel%2fcore cache-miss
114 http fetch GET 200 https://registry.npmjs.org/prop-types 65ms (cache miss)
115 silly packumentCache full:https://registry.npmjs.org/prop-types set size:undefined disposed:false
116 silly fetch manifest @pmmmwh/react-refresh-webpack-plugin@0.4.3
117 silly packumentCache full:https://registry.npmjs.org/@pmmmwh%2freact-refresh-webpack-plugin cache-miss
118 http fetch GET 200 https://registry.npmjs.org/tiny-warning 50ms (cache miss)
119 silly packumentCache full:https://registry.npmjs.org/tiny-warning set size:undefined disposed:false
120 silly fetch manifest @svgr/webpack@5.5.0
121 silly packumentCache full:https://registry.npmjs.org/@svgr%2fwebpack cache-miss
122 http fetch GET 200 https://registry.npmjs.org/react-router 65ms (cache revalidated)
123 silly packumentCache full:https://registry.npmjs.org/react-router set size:1512720 disposed:false
124 silly fetch manifest @typescript-eslint/eslint-plugin@^4.5.0
125 silly packumentCache full:https://registry.npmjs.org/@typescript-eslint%2feslint-plugin cache-miss
126 http fetch GET 200 https://registry.npmjs.org/history 112ms (cache miss)
127 silly packumentCache full:https://registry.npmjs.org/history set size:undefined disposed:false
128 silly fetch manifest @typescript-eslint/parser@^4.5.0
129 silly packumentCache full:https://registry.npmjs.org/@typescript-eslint%2fparser cache-miss
130 http fetch GET 200 https://registry.npmjs.org/@babel%2fcore 72ms (cache revalidated)
131 silly packumentCache full:https://registry.npmjs.org/@babel%2fcore set size:672875 disposed:false
132 silly fetch manifest babel-eslint@^10.1.0
133 silly packumentCache full:https://registry.npmjs.org/babel-eslint cache-miss
134 http fetch GET 200 https://registry.npmjs.org/tiny-invariant 102ms (cache miss)
135 silly packumentCache full:https://registry.npmjs.org/tiny-invariant set size:undefined disposed:false
136 silly fetch manifest babel-jest@^26.6.0
137 silly packumentCache full:https://registry.npmjs.org/babel-jest cache-miss
138 http fetch GET 200 https://registry.npmjs.org/@svgr%2fwebpack 135ms (cache miss)
139 silly packumentCache full:https://registry.npmjs.org/@svgr%2fwebpack set size:undefined disposed:false
140 silly fetch manifest babel-loader@8.1.0
141 silly packumentCache full:https://registry.npmjs.org/babel-loader cache-miss
142 http fetch GET 200 https://registry.npmjs.org/@pmmmwh%2freact-refresh-webpack-plugin 177ms (cache miss)
143 silly packumentCache full:https://registry.npmjs.org/@pmmmwh%2freact-refresh-webpack-plugin set size:undefined disposed:false
144 silly fetch manifest babel-plugin-named-asset-import@^0.3.7
145 silly packumentCache full:https://registry.npmjs.org/babel-plugin-named-asset-import cache-miss
146 http fetch GET 200 https://registry.npmjs.org/babel-eslint 214ms (cache miss)
147 silly packumentCache full:https://registry.npmjs.org/babel-eslint set size:undefined disposed:false
148 silly fetch manifest babel-preset-react-app@^10.0.0
149 silly packumentCache full:https://registry.npmjs.org/babel-preset-react-app cache-miss
150 http fetch GET 200 https://registry.npmjs.org/babel-plugin-named-asset-import 97ms (cache miss)
151 silly packumentCache full:https://registry.npmjs.org/babel-plugin-named-asset-import set size:undefined disposed:false
152 silly fetch manifest bfj@^7.0.2
153 silly packumentCache full:https://registry.npmjs.org/bfj cache-miss
154 http fetch GET 200 https://registry.npmjs.org/babel-loader 147ms (cache revalidated)
155 silly packumentCache full:https://registry.npmjs.org/babel-loader set size:248162 disposed:false
156 silly fetch manifest camelcase@^6.1.0
157 silly packumentCache full:https://registry.npmjs.org/camelcase cache-miss
158 http fetch GET 200 https://registry.npmjs.org/date-fns 564ms (cache miss)
159 silly packumentCache full:https://registry.npmjs.org/date-fns set size:undefined disposed:false
160 silly fetch manifest case-sensitive-paths-webpack-plugin@2.3.0
161 silly packumentCache full:https://registry.npmjs.org/case-sensitive-paths-webpack-plugin cache-miss
162 http fetch GET 200 https://registry.npmjs.org/babel-jest 333ms (cache miss)
163 silly packumentCache full:https://registry.npmjs.org/babel-jest set size:undefined disposed:false
164 silly fetch manifest css-loader@4.3.0
165 silly packumentCache full:https://registry.npmjs.org/css-loader cache-miss
166 http fetch GET 200 https://registry.npmjs.org/case-sensitive-paths-webpack-plugin 50ms (cache miss)
167 silly packumentCache full:https://registry.npmjs.org/case-sensitive-paths-webpack-plugin set size:undefined disposed:false
168 silly fetch manifest dotenv@8.2.0
169 silly packumentCache full:https://registry.npmjs.org/dotenv cache-miss
170 http fetch GET 200 https://registry.npmjs.org/bfj 147ms (cache miss)
171 silly packumentCache full:https://registry.npmjs.org/bfj set size:undefined disposed:false
172 silly fetch manifest dotenv-expand@5.1.0
173 silly packumentCache full:https://registry.npmjs.org/dotenv-expand cache-miss
174 http fetch GET 200 https://registry.npmjs.org/camelcase 138ms (cache revalidated)
175 silly packumentCache full:https://registry.npmjs.org/camelcase set size:57059 disposed:false
176 silly fetch manifest eslint@^7.11.0
177 silly packumentCache full:https://registry.npmjs.org/eslint cache-miss
178 http fetch GET 200 https://registry.npmjs.org/babel-preset-react-app 175ms (cache miss)
179 silly packumentCache full:https://registry.npmjs.org/babel-preset-react-app set size:undefined disposed:false
180 silly fetch manifest eslint-config-react-app@^6.0.0
181 silly packumentCache full:https://registry.npmjs.org/eslint-config-react-app cache-miss
182 http fetch GET 200 https://registry.npmjs.org/css-loader 81ms (cache revalidated)
183 silly packumentCache full:https://registry.npmjs.org/css-loader set size:512155 disposed:false
184 silly fetch manifest eslint-plugin-flowtype@^5.2.0
185 silly packumentCache full:https://registry.npmjs.org/eslint-plugin-flowtype cache-miss
186 http fetch GET 200 https://registry.npmjs.org/dotenv-expand 74ms (cache miss)
187 silly packumentCache full:https://registry.npmjs.org/dotenv-expand set size:undefined disposed:false
188 silly fetch manifest eslint-plugin-import@^2.22.1
189 silly packumentCache full:https://registry.npmjs.org/eslint-plugin-import cache-miss
190 http fetch GET 200 https://registry.npmjs.org/dotenv 106ms (cache miss)
191 silly packumentCache full:https://registry.npmjs.org/dotenv set size:undefined disposed:false
192 silly fetch manifest eslint-plugin-jest@^24.1.0
193 silly packumentCache full:https://registry.npmjs.org/eslint-plugin-jest cache-miss
194 http fetch GET 200 https://registry.npmjs.org/eslint-config-react-app 94ms (cache miss)
195 silly packumentCache full:https://registry.npmjs.org/eslint-config-react-app set size:undefined disposed:false
196 silly fetch manifest eslint-plugin-jsx-a11y@^6.3.1
197 silly packumentCache full:https://registry.npmjs.org/eslint-plugin-jsx-a11y cache-miss
198 http fetch GET 200 https://registry.npmjs.org/eslint-plugin-flowtype 165ms (cache miss)
199 silly packumentCache full:https://registry.npmjs.org/eslint-plugin-flowtype set size:undefined disposed:false
200 silly fetch manifest eslint-plugin-react@^7.21.5
201 silly packumentCache full:https://registry.npmjs.org/eslint-plugin-react cache-miss
202 http fetch GET 200 https://registry.npmjs.org/eslint-plugin-jsx-a11y 122ms (cache miss)
203 silly packumentCache full:https://registry.npmjs.org/eslint-plugin-jsx-a11y set size:undefined disposed:false
204 silly fetch manifest eslint-plugin-react-hooks@^4.2.0
205 silly packumentCache full:https://registry.npmjs.org/eslint-plugin-react-hooks cache-miss
206 http fetch GET 200 https://registry.npmjs.org/eslint-plugin-import 186ms (cache miss)
207 silly packumentCache full:https://registry.npmjs.org/eslint-plugin-import set size:undefined disposed:false
208 silly fetch manifest eslint-plugin-testing-library@^3.9.2
209 silly packumentCache full:https://registry.npmjs.org/eslint-plugin-testing-library cache-miss
210 http fetch GET 200 https://registry.npmjs.org/eslint 281ms (cache miss)
211 silly packumentCache full:https://registry.npmjs.org/eslint set size:undefined disposed:false
212 silly fetch manifest eslint-webpack-plugin@^2.5.2
213 silly packumentCache full:https://registry.npmjs.org/eslint-webpack-plugin cache-miss
214 http fetch GET 200 https://registry.npmjs.org/eslint-webpack-plugin 68ms (cache miss)
215 silly packumentCache full:https://registry.npmjs.org/eslint-webpack-plugin set size:undefined disposed:false
216 silly fetch manifest file-loader@6.1.1
217 silly packumentCache full:https://registry.npmjs.org/file-loader cache-miss
218 http fetch GET 200 https://registry.npmjs.org/eslint-plugin-react 164ms (cache miss)
219 silly packumentCache full:https://registry.npmjs.org/eslint-plugin-react set size:undefined disposed:false
220 silly fetch manifest fs-extra@^9.0.1
221 silly packumentCache full:https://registry.npmjs.org/fs-extra cache-miss
222 http fetch GET 200 https://registry.npmjs.org/eslint-plugin-jest 333ms (cache miss)
223 silly packumentCache full:https://registry.npmjs.org/eslint-plugin-jest set size:undefined disposed:false
224 silly fetch manifest html-webpack-plugin@4.5.0
225 silly packumentCache full:https://registry.npmjs.org/html-webpack-plugin cache-miss
226 http fetch GET 200 https://registry.npmjs.org/eslint-plugin-testing-library 189ms (cache miss)
227 silly packumentCache full:https://registry.npmjs.org/eslint-plugin-testing-library set size:undefined disposed:false
228 silly fetch manifest identity-obj-proxy@3.0.0
229 silly packumentCache full:https://registry.npmjs.org/identity-obj-proxy cache-miss
230 http fetch GET 200 https://registry.npmjs.org/fs-extra 88ms (cache miss)
231 silly packumentCache full:https://registry.npmjs.org/fs-extra set size:undefined disposed:false
232 silly fetch manifest jest@26.6.0
233 silly packumentCache full:https://registry.npmjs.org/jest cache-miss
234 http fetch GET 200 https://registry.npmjs.org/html-webpack-plugin 70ms (cache revalidated)
235 silly packumentCache full:https://registry.npmjs.org/html-webpack-plugin set size:482009 disposed:false
236 silly fetch manifest jest-circus@26.6.0
237 silly packumentCache full:https://registry.npmjs.org/jest-circus cache-miss
238 http fetch GET 200 https://registry.npmjs.org/identity-obj-proxy 63ms (cache miss)
239 silly packumentCache full:https://registry.npmjs.org/identity-obj-proxy set size:undefined disposed:false
240 silly fetch manifest jest-resolve@26.6.0
241 silly packumentCache full:https://registry.npmjs.org/jest-resolve cache-miss
242 http fetch GET 200 https://registry.npmjs.org/file-loader 175ms (cache miss)
243 silly packumentCache full:https://registry.npmjs.org/file-loader set size:undefined disposed:false
244 silly fetch manifest jest-watch-typeahead@0.6.1
245 silly packumentCache full:https://registry.npmjs.org/jest-watch-typeahead cache-miss
246 http fetch GET 200 https://registry.npmjs.org/jest-circus 117ms (cache miss)
247 silly packumentCache full:https://registry.npmjs.org/jest-circus set size:undefined disposed:false
248 silly fetch manifest mini-css-extract-plugin@0.11.3
249 silly packumentCache full:https://registry.npmjs.org/mini-css-extract-plugin cache-miss
250 http fetch GET 200 https://registry.npmjs.org/jest 149ms (cache miss)
251 silly packumentCache full:https://registry.npmjs.org/jest set size:undefined disposed:false
252 silly fetch manifest optimize-css-assets-webpack-plugin@5.0.4
253 silly packumentCache full:https://registry.npmjs.org/optimize-css-assets-webpack-plugin cache-miss
254 http fetch GET 200 https://registry.npmjs.org/jest-watch-typeahead 89ms (cache miss)
255 silly packumentCache full:https://registry.npmjs.org/jest-watch-typeahead set size:undefined disposed:false
256 silly fetch manifest pnp-webpack-plugin@1.6.4
257 silly packumentCache full:https://registry.npmjs.org/pnp-webpack-plugin cache-miss
258 http fetch GET 200 https://registry.npmjs.org/jest-resolve 151ms (cache miss)
259 silly packumentCache full:https://registry.npmjs.org/jest-resolve set size:undefined disposed:false
260 silly fetch manifest postcss-flexbugs-fixes@4.2.1
261 silly packumentCache full:https://registry.npmjs.org/postcss-flexbugs-fixes cache-miss
262 http fetch GET 200 https://registry.npmjs.org/optimize-css-assets-webpack-plugin 63ms (cache miss)
263 silly packumentCache full:https://registry.npmjs.org/optimize-css-assets-webpack-plugin set size:undefined disposed:false
264 silly fetch manifest postcss-loader@3.0.0
265 silly packumentCache full:https://registry.npmjs.org/postcss-loader cache-miss
266 http fetch GET 200 https://registry.npmjs.org/pnp-webpack-plugin 60ms (cache miss)
267 silly packumentCache full:https://registry.npmjs.org/pnp-webpack-plugin set size:undefined disposed:false
268 silly fetch manifest postcss-normalize@8.0.1
269 silly packumentCache full:https://registry.npmjs.org/postcss-normalize cache-miss
270 http fetch GET 200 https://registry.npmjs.org/mini-css-extract-plugin 94ms (cache miss)
271 silly packumentCache full:https://registry.npmjs.org/mini-css-extract-plugin set size:undefined disposed:false
272 silly fetch manifest postcss-preset-env@6.7.0
273 silly packumentCache full:https://registry.npmjs.org/postcss-preset-env cache-miss
274 http fetch GET 200 https://registry.npmjs.org/postcss-flexbugs-fixes 59ms (cache miss)
275 silly packumentCache full:https://registry.npmjs.org/postcss-flexbugs-fixes set size:undefined disposed:false
276 silly fetch manifest postcss-safe-parser@5.0.2
277 silly packumentCache full:https://registry.npmjs.org/postcss-safe-parser cache-miss
278 http fetch GET 200 https://registry.npmjs.org/postcss-normalize 46ms (cache miss)
279 silly packumentCache full:https://registry.npmjs.org/postcss-normalize set size:undefined disposed:false
280 silly fetch manifest prompts@2.4.0
281 silly packumentCache full:https://registry.npmjs.org/prompts cache-miss
282 http fetch GET 200 https://registry.npmjs.org/postcss-loader 63ms (cache miss)
283 silly packumentCache full:https://registry.npmjs.org/postcss-loader set size:undefined disposed:false
284 silly fetch manifest react-app-polyfill@^2.0.0
285 silly packumentCache full:https://registry.npmjs.org/react-app-polyfill cache-miss
286 http fetch GET 200 https://registry.npmjs.org/postcss-safe-parser 54ms (cache miss)
287 silly packumentCache full:https://registry.npmjs.org/postcss-safe-parser set size:undefined disposed:false
288 silly fetch manifest react-dev-utils@^11.0.3
289 silly packumentCache full:https://registry.npmjs.org/react-dev-utils cache-miss
290 http fetch GET 200 https://registry.npmjs.org/prompts 63ms (cache miss)
291 silly packumentCache full:https://registry.npmjs.org/prompts set size:undefined disposed:false
292 silly fetch manifest react-refresh@^0.8.3
293 silly packumentCache full:https://registry.npmjs.org/react-refresh cache-miss
294 http fetch GET 200 https://registry.npmjs.org/react-app-polyfill 58ms (cache miss)
295 silly packumentCache full:https://registry.npmjs.org/react-app-polyfill set size:undefined disposed:false
296 silly fetch manifest resolve@1.18.1
297 silly packumentCache full:https://registry.npmjs.org/resolve cache-miss
298 http fetch GET 200 https://registry.npmjs.org/postcss-preset-env 118ms (cache miss)
299 silly packumentCache full:https://registry.npmjs.org/postcss-preset-env set size:undefined disposed:false
300 silly fetch manifest resolve-url-loader@^3.1.2
301 silly packumentCache full:https://registry.npmjs.org/resolve-url-loader cache-miss
302 http fetch GET 200 https://registry.npmjs.org/resolve 92ms (cache revalidated)
303 silly packumentCache full:https://registry.npmjs.org/resolve set size:288408 disposed:false
304 silly fetch manifest sass-loader@^10.0.5
305 silly packumentCache full:https://registry.npmjs.org/sass-loader cache-miss
306 http fetch GET 200 https://registry.npmjs.org/eslint-plugin-react-hooks 719ms (cache miss)
307 silly packumentCache full:https://registry.npmjs.org/eslint-plugin-react-hooks set size:undefined disposed:false
308 silly fetch manifest semver@7.3.2
309 silly packumentCache full:https://registry.npmjs.org/semver cache-hit
310 silly fetch manifest style-loader@1.3.0
311 silly packumentCache full:https://registry.npmjs.org/style-loader cache-miss
312 http fetch GET 200 https://registry.npmjs.org/resolve-url-loader 174ms (cache miss)
313 silly packumentCache full:https://registry.npmjs.org/resolve-url-loader set size:undefined disposed:false
314 silly fetch manifest terser-webpack-plugin@4.2.3
315 silly packumentCache full:https://registry.npmjs.org/terser-webpack-plugin cache-miss
316 http fetch GET 200 https://registry.npmjs.org/react-dev-utils 252ms (cache miss)
317 silly packumentCache full:https://registry.npmjs.org/react-dev-utils set size:undefined disposed:false
318 silly fetch manifest ts-pnp@1.2.0
319 silly packumentCache full:https://registry.npmjs.org/ts-pnp cache-miss
320 http fetch GET 200 https://registry.npmjs.org/sass-loader 135ms (cache revalidated)
321 silly packumentCache full:https://registry.npmjs.org/sass-loader set size:406313 disposed:false
322 silly fetch manifest url-loader@4.1.1
323 silly packumentCache full:https://registry.npmjs.org/url-loader cache-miss
324 http fetch GET 200 https://registry.npmjs.org/style-loader 72ms (cache revalidated)
325 silly packumentCache full:https://registry.npmjs.org/style-loader set size:213969 disposed:false
326 silly fetch manifest webpack@4.44.2
327 silly packumentCache full:https://registry.npmjs.org/webpack cache-miss
328 http fetch GET 200 https://registry.npmjs.org/ts-pnp 49ms (cache miss)
329 silly packumentCache full:https://registry.npmjs.org/ts-pnp set size:undefined disposed:false
330 silly fetch manifest webpack-dev-server@3.11.1
331 silly packumentCache full:https://registry.npmjs.org/webpack-dev-server cache-miss
332 http fetch GET 200 https://registry.npmjs.org/terser-webpack-plugin 84ms (cache revalidated)
333 silly packumentCache full:https://registry.npmjs.org/terser-webpack-plugin set size:339698 disposed:false
334 silly fetch manifest webpack-manifest-plugin@2.2.0
335 silly packumentCache full:https://registry.npmjs.org/webpack-manifest-plugin cache-miss
336 http fetch GET 200 https://registry.npmjs.org/url-loader 69ms (cache miss)
337 silly packumentCache full:https://registry.npmjs.org/url-loader set size:undefined disposed:false
338 silly fetch manifest workbox-webpack-plugin@5.1.4
339 silly packumentCache full:https://registry.npmjs.org/workbox-webpack-plugin cache-miss
340 http fetch GET 200 https://registry.npmjs.org/webpack 73ms (cache revalidated)
341 silly packumentCache full:https://registry.npmjs.org/webpack set size:4698734 disposed:false
342 silly fetch manifest fsevents@^2.1.3
343 silly packumentCache full:https://registry.npmjs.org/fsevents cache-miss
344 http fetch GET 200 https://registry.npmjs.org/webpack-dev-server 161ms (cache revalidated)
345 silly packumentCache full:https://registry.npmjs.org/webpack-dev-server set size:824929 disposed:false
346 http fetch GET 200 https://registry.npmjs.org/webpack-manifest-plugin 169ms (cache miss)
347 silly packumentCache full:https://registry.npmjs.org/webpack-manifest-plugin set size:undefined disposed:false
348 http fetch GET 200 https://registry.npmjs.org/workbox-webpack-plugin 151ms (cache miss)
349 silly packumentCache full:https://registry.npmjs.org/workbox-webpack-plugin set size:undefined disposed:false
350 http fetch GET 200 https://registry.npmjs.org/fsevents 75ms (cache revalidated)
351 silly packumentCache full:https://registry.npmjs.org/fsevents set size:182472 disposed:false
352 http fetch GET 200 https://registry.npmjs.org/@typescript-eslint%2fparser 1803ms (cache miss)
353 silly packumentCache full:https://registry.npmjs.org/@typescript-eslint%2fparser set size:undefined disposed:false
354 http fetch GET 200 https://registry.npmjs.org/react-refresh 787ms (cache miss)
355 silly packumentCache full:https://registry.npmjs.org/react-refresh set size:undefined disposed:false
356 http fetch GET 200 https://registry.npmjs.org/@typescript-eslint%2feslint-plugin 2120ms (cache miss)
