0 verbose cli /usr/bin/node /usr/bin/npm
1 info using npm@10.8.2
2 info using node@v20.18.0
3 silly config load:file:/usr/lib/node_modules/npm/npmrc
4 silly config load:file:/home/user/new_sweet_flowers/.npmrc
5 silly config load:file:/home/user/.npmrc
6 silly config load:file:/usr/etc/npmrc
7 verbose title npm install sqlite3 sequelize
8 verbose argv "install" "sqlite3" "sequelize"
9 verbose logfile logs-max:10 dir:/home/user/.npm/_logs/2024-11-20T23_08_56_503Z-
10 verbose logfile /home/user/.npm/_logs/2024-11-20T23_08_56_503Z-debug-0.log
11 silly packumentCache heap:2114453504 maxSize:528613376 maxEntrySize:264306688
12 silly logfile done cleaning log files
13 silly idealTree buildDeps
14 silly fetch manifest sqlite3@*
15 silly packumentCache full:https://registry.npmjs.org/sqlite3 cache-miss
16 http fetch GET 200 https://registry.npmjs.org/sqlite3 343ms (cache miss)
17 silly packumentCache full:https://registry.npmjs.org/sqlite3 set size:undefined disposed:false
18 silly fetch manifest sequelize@*
19 silly packumentCache full:https://registry.npmjs.org/sequelize cache-miss
20 http fetch GET 200 https://registry.npmjs.org/sequelize 179ms (cache miss)
21 silly packumentCache full:https://registry.npmjs.org/sequelize set size:undefined disposed:false
22 silly placeDep ROOT sequelize@6.37.5 OK for: sweet-flowers@1.0.0 want: *
23 silly placeDep ROOT sqlite3@5.1.7 OK for: sweet-flowers@1.0.0 want: *
24 silly fetch manifest @types/debug@^4.1.8
25 silly packumentCache full:https://registry.npmjs.org/@types%2fdebug cache-miss
26 silly fetch manifest @types/validator@^13.7.17
27 silly packumentCache full:https://registry.npmjs.org/@types%2fvalidator cache-miss
28 silly fetch manifest dottie@^2.0.6
29 silly packumentCache full:https://registry.npmjs.org/dottie cache-miss
30 silly fetch manifest inflection@^1.13.4
31 silly packumentCache full:https://registry.npmjs.org/inflection cache-miss
32 silly fetch manifest moment@^2.29.4
33 silly packumentCache full:https://registry.npmjs.org/moment cache-miss
34 silly fetch manifest moment-timezone@^0.5.43
35 silly packumentCache full:https://registry.npmjs.org/moment-timezone cache-miss
36 silly fetch manifest pg-connection-string@^2.6.1
37 silly packumentCache full:https://registry.npmjs.org/pg-connection-string cache-miss
38 http fetch GET 200 https://registry.npmjs.org/@types%2fdebug 70ms (cache miss)
39 silly packumentCache full:https://registry.npmjs.org/@types%2fdebug set size:undefined disposed:false
40 silly fetch manifest retry-as-promised@^7.0.4
41 silly packumentCache full:https://registry.npmjs.org/retry-as-promised cache-miss
42 http fetch GET 200 https://registry.npmjs.org/dottie 91ms (cache miss)
43 silly packumentCache full:https://registry.npmjs.org/dottie set size:undefined disposed:false
44 silly fetch manifest semver@^7.5.4
45 silly packumentCache full:https://registry.npmjs.org/semver cache-miss
46 http fetch GET 200 https://registry.npmjs.org/inflection 104ms (cache miss)
47 silly packumentCache full:https://registry.npmjs.org/inflection set size:undefined disposed:false
48 silly fetch manifest sequelize-pool@^7.1.0
49 silly packumentCache full:https://registry.npmjs.org/sequelize-pool cache-miss
50 http fetch GET 200 https://registry.npmjs.org/moment-timezone 118ms (cache miss)
51 silly packumentCache full:https://registry.npmjs.org/moment-timezone set size:undefined disposed:false
52 silly fetch manifest toposort-class@^1.0.1
53 silly packumentCache full:https://registry.npmjs.org/toposort-class cache-miss
54 http fetch GET 200 https://registry.npmjs.org/retry-as-promised 64ms (cache miss)
55 silly packumentCache full:https://registry.npmjs.org/retry-as-promised set size:undefined disposed:false
56 silly fetch manifest validator@^13.9.0
57 silly packumentCache full:https://registry.npmjs.org/validator cache-miss
58 http fetch GET 200 https://registry.npmjs.org/pg-connection-string 142ms (cache miss)
59 silly packumentCache full:https://registry.npmjs.org/pg-connection-string set size:undefined disposed:false
60 silly fetch manifest wkx@^0.5.0
61 silly packumentCache full:https://registry.npmjs.org/wkx cache-miss
62 http fetch GET 200 https://registry.npmjs.org/semver 61ms (cache revalidated)
63 silly packumentCache full:https://registry.npmjs.org/semver set size:215926 disposed:false
64 silly fetch manifest prebuild-install@^7.1.1
65 silly packumentCache full:https://registry.npmjs.org/prebuild-install cache-miss
66 http fetch GET 200 https://registry.npmjs.org/moment 168ms (cache miss)
67 silly packumentCache full:https://registry.npmjs.org/moment set size:undefined disposed:false
68 silly fetch manifest tar@^6.1.11
69 silly packumentCache full:https://registry.npmjs.org/tar cache-miss
70 http fetch GET 200 https://registry.npmjs.org/sequelize-pool 66ms (cache miss)
71 silly packumentCache full:https://registry.npmjs.org/sequelize-pool set size:undefined disposed:false
72 silly fetch manifest node-gyp@8.x
73 silly packumentCache full:https://registry.npmjs.org/node-gyp cache-miss
74 http fetch GET 200 https://registry.npmjs.org/@types%2fvalidator 185ms (cache miss)
75 silly packumentCache full:https://registry.npmjs.org/@types%2fvalidator set size:undefined disposed:false
76 http fetch GET 200 https://registry.npmjs.org/toposort-class 66ms (cache miss)
77 silly packumentCache full:https://registry.npmjs.org/toposort-class set size:undefined disposed:false
78 http fetch GET 200 https://registry.npmjs.org/prebuild-install 54ms (cache miss)
79 silly packumentCache full:https://registry.npmjs.org/prebuild-install set size:undefined disposed:false
80 http fetch GET 200 https://registry.npmjs.org/wkx 74ms (cache miss)
81 silly packumentCache full:https://registry.npmjs.org/wkx set size:undefined disposed:false
82 http fetch GET 200 https://registry.npmjs.org/validator 95ms (cache miss)
83 silly packumentCache full:https://registry.npmjs.org/validator set size:undefined disposed:false
84 http fetch GET 200 https://registry.npmjs.org/node-gyp 67ms (cache miss)
85 silly packumentCache full:https://registry.npmjs.org/node-gyp set size:undefined disposed:false
86 http fetch GET 200 https://registry.npmjs.org/tar 74ms (cache miss)
87 silly packumentCache full:https://registry.npmjs.org/tar set size:undefined disposed:false
88 silly placeDep ROOT @types/debug@4.1.12 OK for: sequelize@6.37.5 want: ^4.1.8
89 silly placeDep ROOT @types/validator@13.12.2 OK for: sequelize@6.37.5 want: ^13.7.17
90 silly placeDep ROOT dottie@2.0.6 OK for: sequelize@6.37.5 want: ^2.0.6
91 silly placeDep ROOT inflection@1.13.4 OK for: sequelize@6.37.5 want: ^1.13.4
92 silly placeDep ROOT moment@2.30.1 OK for: sequelize@6.37.5 want: ^2.29.4
93 silly placeDep ROOT moment-timezone@0.5.46 OK for: sequelize@6.37.5 want: ^0.5.43
94 silly placeDep ROOT pg-connection-string@2.7.0 OK for: sequelize@6.37.5 want: ^2.6.1
95 silly placeDep ROOT retry-as-promised@7.0.4 OK for: sequelize@6.37.5 want: ^7.0.4
96 silly placeDep node_modules/sequelize semver@7.6.3 OK for: sequelize@6.37.5 want: ^7.5.4
97 silly placeDep ROOT sequelize-pool@7.1.0 OK for: sequelize@6.37.5 want: ^7.1.0
98 silly placeDep ROOT toposort-class@1.0.1 OK for: sequelize@6.37.5 want: ^1.0.1
99 silly placeDep ROOT validator@13.12.0 OK for: sequelize@6.37.5 want: ^13.9.0
100 silly placeDep ROOT wkx@0.5.0 OK for: sequelize@6.37.5 want: ^0.5.0
101 silly fetch manifest @types/ms@*
102 silly packumentCache full:https://registry.npmjs.org/@types%2fms cache-miss
103 http fetch GET 200 https://registry.npmjs.org/@types%2fms 38ms (cache miss)
104 silly packumentCache full:https://registry.npmjs.org/@types%2fms set size:undefined disposed:false
105 silly placeDep ROOT @types/ms@0.7.34 OK for: @types/debug@4.1.12 want: *
106 silly placeDep ROOT node-gyp@8.4.1 OK for: sqlite3@5.1.7 want: 8.x
107 silly placeDep ROOT prebuild-install@7.1.2 OK for: sqlite3@5.1.7 want: ^7.1.1
108 silly placeDep ROOT tar@6.2.1 OK for: sqlite3@5.1.7 want: ^6.1.11
109 silly fetch manifest tar@^6.1.2
110 silly packumentCache full:https://registry.npmjs.org/tar cache-miss
